
Gurobi 8.1.1 (win64, Python) logging started 09/20/21 13:23:15


Gurobi 8.1.1 (win64, Python) logging started 09/20/21 14:10:01

Academic license - for non-commercial use only
Changed value of parameter MIPGap to 0.1
   Prev: 0.0001  Min: 0.0  Max: 1e+100  Default: 0.0001
Parameter MIPGap unchanged
   Value: 0.1  Min: 0.0  Max: 1e+100  Default: 0.0001
Changed value of parameter TimeLimit to 30.0
   Prev: 1e+100  Min: 0.0  Max: 1e+100  Default: 1e+100
Optimize a model with 100 rows, 440 columns and 1180 nonzeros
Model has 380 general constraints
Variable types: 20 continuous, 420 integer (420 binary)
Coefficient statistics:
  Matrix range     [1e+00, 1e+00]
  Objective range  [2e+00, 2e+02]
  Bounds range     [1e+00, 1e+00]
  RHS range        [1e+00, 2e+01]
Presolve added 870 rows and 150 columns
Presolve time: 0.09s
Presolved: 970 rows, 590 columns, 4952 nonzeros
Variable types: 210 continuous, 380 integer (380 binary)

Root relaxation: objective 3.828678e+02, 74 iterations, 0.01 seconds

    Nodes    |    Current Node    |     Objective Bounds      |     Work
 Expl Unexpl |  Obj  Depth IntInf | Incumbent    BestBd   Gap | It/Node Time

     0     0  382.86777    0   29          -  382.86777      -     -    0s
     0     0  419.36865    0   34          -  419.36865      -     -    0s
     0     0  425.15733    0   34          -  425.15733      -     -    0s
     0     0  426.95065    0   37          -  426.95065      -     -    0s
     0     0  435.08204    0   39          -  435.08204      -     -    0s
     0     0  435.86643    0   39          -  435.86643      -     -    0s
     0     0  435.92903    0   39          -  435.92903      -     -    0s
     0     0  436.21037    0   39          -  436.21037      -     -    0s
     0     0  436.29113    0   39          -  436.29113      -     -    0s
     0     0  436.37091    0   39          -  436.37091      -     -    0s
     0     0  436.86905    0   39          -  436.86905      -     -    0s
     0     0  437.05517    0   39          -  437.05517      -     -    0s
     0     0  437.34886    0   39          -  437.34886      -     -    0s
     0     0  437.34886    0   39          -  437.34886      -     -    0s
     0     0  437.74044    0   39          -  437.74044      -     -    0s
     0     0  438.00149    0   39          -  438.00149      -     -    0s
     0     0  438.00149    0   39          -  438.00149      -     -    0s
     0     2  438.00149    0   38          -  438.00149      -     -    0s
  1862   775  603.49997   40   30          -  513.32087      -  11.5    5s
  5854  2588  851.29335   38   30          -  540.41408      -  14.0   10s
 12056  5422  604.40023   26   35          -  555.55487      -  14.0   15s
 18143  8524  622.14100   43   32          -  563.16559      -  13.4   20s
 20744  9898  633.82384   50   39          -  564.99481      -  13.2   29s

Explored 20745 nodes (280061 simplex iterations) in 30.00 seconds
Thread count was 4 (of 4 available processors)

Solution count 0

Time limit reached
Best objective -, best bound 5.649948079156e+02, gap -
Parameter MIPGap unchanged
   Value: 0.1  Min: 0.0  Max: 1e+100  Default: 0.0001
Changed value of parameter TimeLimit to 1000.0
   Prev: 30.0  Min: 0.0  Max: 1e+100  Default: 1e+100
Optimize a model with 100 rows, 440 columns and 1180 nonzeros
Model has 380 general constraints
Variable types: 20 continuous, 420 integer (420 binary)
Coefficient statistics:
  Matrix range     [1e+00, 1e+00]
  Objective range  [2e+00, 2e+02]
  Bounds range     [1e+00, 1e+00]
  RHS range        [1e+00, 2e+01]
Presolved: 970 rows, 590 columns, 4952 nonzeros

Continuing optimization...

 20746  9900 infeasible   23               -  564.99481      -  13.2   30s
 25133 11419  564.99481   35   26          -  564.99481      -  13.0   35s
 33448 14163  810.15159   46   21          -  564.99481      -  12.4   40s
 42125 16841 infeasible   67               -  564.99481      -  11.9   45s
 50663 19540  622.52996   50   28          -  564.99481      -  11.7   50s
 60539 25877  609.12624   45   28          -  564.99481      -  11.5   55s
 70914 32349 infeasible   59               -  564.99481      -  11.3   60s
 80795 38585 infeasible  103               -  564.99481      -  11.2   65s
 92106 45526 infeasible   80               -  565.92326      -  11.1   70s
 102311 51761  730.13809   62   28          -  569.70475      -  11.0   75s
 113022 58610  679.32477   41   26          -  573.03156      -  10.9   80s
 122363 64555  655.17020   47   35          -  575.99488      -  10.9   85s
 131906 70402 infeasible   53               -  579.08258      -  10.8   90s
 138534 74425  692.65381   64   34          -  581.01426      -  10.8   95s
 145911 78716  604.42810   47   24          -  583.12539      -  10.8  100s
 153787 83578  779.75782   62   27          -  585.28921      -  10.8  105s
 160676 87746 infeasible   48               -  587.04480      -  10.8  110s
 166871 91650  797.20998   56   23          -  588.40801      -  10.8  115s
 173951 95798  945.11618   76   23          -  590.18709      -  10.8  120s
 183313 101441  721.59814   55   30          -  592.00090      -  10.7  125s
 192139 106593  603.24433   47   28          -  594.06160      -  10.7  130s
 200610 111501 infeasible   63               -  595.54070      -  10.7  135s
 208442 116209 infeasible   38               -  596.93255      -  10.7  140s
 218432 121961  792.04467   61   29          -  598.74043      -  10.7  145s
 228181 127776  736.72826   46   28          -  600.41124      -  10.7  150s
 239367 134277  670.32264   44   19          -  602.27262      -  10.7  155s
 250081 140444 infeasible   66               -  603.87861      -  10.7  160s
 261275 147023 infeasible   79               -  605.31546      -  10.7  165s
 272240 153378  694.92220   50   27          -  606.93868      -  10.7  170s
 281866 158948  648.95407   38   19          -  608.11888      -  10.7  175s
 292273 164880 1191.22733   88   19          -  609.54015      -  10.7  180s
 302514 170682  887.97942   59   19          -  610.76128      -  10.7  185s
 312663 176284  821.37186   69   32          -  612.16373      -  10.7  190s
 323451 182462  737.92383   51   28          -  613.45015      -  10.7  195s
 334553 188685  736.44674   55   22          -  614.62661      -  10.7  200s
 345366 194892  791.98609   65   25          -  615.77493      -  10.6  205s
 356431 201163  725.35675   59   32          -  616.94100      -  10.6  210s
 368756 208209 infeasible   58               -  618.05726      -  10.6  215s
 378260 213356  677.25400   38   24          -  619.12152      -  10.6  220s
 388836 219119  969.32288   61   18          -  620.10277      -  10.6  225s
 400143 225221  839.67203   56   25          -  621.26379      -  10.6  230s
 411289 231454 infeasible   54               -  622.18642      -  10.6  235s
 421842 236768 infeasible   78               -  623.23137      -  10.6  240s
 432247 242426  874.55669   68   19          -  624.13799      -  10.6  245s
 442694 248192  917.47498   61   26          -  625.15064      -  10.6  250s
 453243 254073  735.67720   64   24          -  626.00830      -  10.6  255s
 464321 260013 1100.06268   87   25          -  626.95317      -  10.7  260s
 475854 266510 infeasible   42               -  627.88930      -  10.7  265s
 485706 271700 infeasible   47               -  628.74922      -  10.7  270s
 496881 277717 infeasible   57               -  629.50667      -  10.7  275s
 508236 283967  712.68525   53   24          -  630.37178      -  10.7  280s
 517784 289166  671.20829   52   20          -  631.18671      -  10.7  285s
 528898 295297 infeasible   59               -  632.02820      -  10.7  290s
 538582 300497  976.80164   77   15          -  632.66244      -  10.7  295s
 548896 306233  914.86932   66   25          -  633.43901      -  10.7  300s
 558154 311476 1069.57983   51   21          -  634.08917      -  10.7  305s
 566856 316298  715.04433   60   28          -  634.67205      -  10.7  310s
 574609 320424  771.55840   59   32          -  635.23425      -  10.7  315s
 583305 325088  956.06675   55   17          -  635.87285      -  10.7  320s
 592488 329937 infeasible   74               -  636.53703      -  10.7  325s
 602844 335519  768.47993   52   22          -  637.16896      -  10.7  330s
 612957 341186  736.38188   77   32          -  637.73981      -  10.7  335s
 623151 346822  761.26750   65   21          -  638.35204      -  10.7  340s
 631303 351265 infeasible   72               -  638.84225      -  10.7  345s
 637016 354355  728.01656   56   33          -  639.20588      -  10.7  350s
 645197 358706 infeasible   48               -  639.66876      -  10.7  355s
 654400 363803  868.43629   67   22          -  640.16667      -  10.7  360s
 662625 368005  755.77493   45   30          -  640.69453      -  10.7  365s
 670782 372155 infeasible   74               -  641.24966      -  10.7  370s
 679418 377170  963.45315   85   24          -  641.68588      -  10.7  375s
 685962 380632  818.60707   68   20          -  642.09761      -  10.7  380s
 693806 384800  735.81567   61   26          -  642.48334      -  10.7  385s
 699120 387537  732.87847   47   25          -  642.82167      -  10.7  390s
 706667 391586 infeasible   52               -  643.27616      -  10.7  395s
 714155 395764 infeasible   75               -  643.65932      -  10.7  400s
 722255 400092 1045.50578   78   22          -  644.16684      -  10.7  405s
 730118 404314  784.45235   64   33          -  644.57806      -  10.7  410s
 736481 407751  788.84658   66   27          -  644.92351      -  10.7  415s
 743864 411655 infeasible   56               -  645.35089      -  10.7  420s
 753649 416740  746.50162   50   19          -  645.86812      -  10.7  425s
 759695 420077  983.42538   65   15          -  646.19196      -  10.7  430s
 766795 423608  858.69959   68   26          -  646.60191      -  10.7  435s
 774508 427654  962.33863   66   27          -  647.02614      -  10.7  440s
 782023 431636  860.22693   72   24          -  647.47775      -  10.7  445s
 790332 436180 infeasible   57               -  647.86701      -  10.7  450s
 797393 440065  867.58296   71   24          -  648.21086      -  10.7  455s
 805028 444227  812.17415   56   29          -  648.56510      -  10.7  460s
 812594 448324  758.50871   52   17          -  648.89197      -  10.7  465s
 821138 452969  797.99671   65   23          -  649.29307      -  10.7  470s
 830698 457975 infeasible   60               -  649.83818      -  10.7  475s
 840151 462893 1007.54405   74   21          -  650.29451      -  10.7  480s
 849799 468191  682.29504   52   22          -  650.72646      -  10.7  485s
 858936 473151  727.93875   51   31          -  651.15535      -  10.7  490s
 868146 478122  820.10580   74   29          -  651.57264      -  10.7  495s
 878652 483817  817.28712   63   23          -  651.99579      -  10.7  500s
 887739 488526  770.42247   53   29          -  652.42719      -  10.7  505s
 895888 492910 1116.15782   89   20          -  652.79871      -  10.7  510s
 904156 497330 infeasible   67               -  653.20730      -  10.7  515s
 912678 501898 infeasible   64               -  653.54012      -  10.7  520s
 919897 505685  824.87538   75   28          -  653.86110      -  10.7  525s
 927651 509780 infeasible   59               -  654.19553      -  10.7  530s

Gurobi 8.1.1 (win64, Python) logging started 09/20/21 16:08:31

Academic license - for non-commercial use only
 936193 514149  667.70246   46   14          -  654.57868      -  10.7  535s
Changed value of parameter MIPGap to 0.1
   Prev: 0.0001  Min: 0.0  Max: 1e+100  Default: 0.0001
Changed value of parameter TimeLimit to 1000.0
   Prev: 1e+100  Min: 0.0  Max: 1e+100  Default: 1e+100
Optimize a model with 80 rows, 440 columns and 800 nonzeros
Model has 380 general constraints
Variable types: 20 continuous, 420 integer (420 binary)
Coefficient statistics:
  Matrix range     [1e+00, 1e+00]
  Objective range  [3e+00, 2e+02]
  Bounds range     [1e+00, 1e+00]
  RHS range        [1e+00, 2e+01]
Presolve added 890 rows and 150 columns
Presolve time: 0.05s
Presolved: 970 rows, 590 columns, 4954 nonzeros
Variable types: 210 continuous, 380 integer (380 binary)

Root relaxation: objective 3.817583e+02, 59 iterations, 0.00 seconds

    Nodes    |    Current Node    |     Objective Bounds      |     Work
 Expl Unexpl |  Obj  Depth IntInf | Incumbent    BestBd   Gap | It/Node Time

     0     0  381.75834    0   26          -  381.75834      -     -    0s
     0     0  415.71048    0   36          -  415.71048      -     -    0s
     0     0  416.45218    0   28          -  416.45218      -     -    0s
     0     0  416.45218    0   28          -  416.45218      -     -    0s
     0     0  419.84748    0   32          -  419.84748      -     -    0s
     0     0  419.93417    0   32          -  419.93417      -     -    0s
     0     0  420.38868    0   36          -  420.38868      -     -    0s
     0     0  420.48673    0   38          -  420.48673      -     -    0s
     0     0  420.51753    0   38          -  420.51753      -     -    0s
     0     0  420.64515    0   38          -  420.64515      -     -    0s
     0     0  420.78219    0   38          -  420.78219      -     -    0s
     0     0  420.79109    0   38          -  420.79109      -     -    0s
     0     0  420.82693    0   38          -  420.82693      -     -    0s
     0     0  420.83236    0   38          -  420.83236      -     -    0s
     0     0  421.15727    0   37          -  421.15727      -     -    0s
     0     0  421.16893    0   37          -  421.16893      -     -    0s
     0     0  421.18222    0   40          -  421.18222      -     -    0s
     0     0  421.21118    0   40          -  421.21118      -     -    0s
     0     0  421.21118    0   40          -  421.21118      -     -    0s
     0     0  421.22181    0   40          -  421.22181      -     -    0s
     0     0  421.22181    0   40          -  421.22181      -     -    0s
     0     2  421.22181    0   40          -  421.22181      -     -    1s
 942517 517391  953.78637   80   22          -  654.87896      -  10.7  540s
   750   484  724.56409   55   38          -  481.44443      -   8.8    5s
 949879 521488  764.32394   48   26          -  655.13106      -  10.7  545s
   794   514  492.54391   21   48          -  491.57711      -   9.3   10s
 954597 523821 1032.52181   84   26          -  655.37346      -  10.7  550s
  1909   876  674.17341   75   15          -  497.22087      -  14.0   15s
 960709 527204  828.18996   88   28          -  655.60678      -  10.7  555s
  4964  2835  553.62982   40   19          -  508.08361      -  14.8   20s
 965520 529669  794.95774   58   23          -  655.81262      -  10.7  560s
  9222  5614  601.44036   41   25          -  517.45925      -  13.4   25s
 969613 531661  884.13944   62   18          -  656.01124      -  10.7  565s
 13491  8389  640.52344   46   22          -  521.96379      -  12.4   30s
 974427 534149  874.51667   74   28          -  656.21280      -  10.7  570s
 17856 11002 infeasible   60               -  526.26552      -  12.4   35s
 978654 536383  937.91789   70   26          -  656.39309      -  10.7  575s
 985720 540117 infeasible   52               -  656.68900      -  10.7  580s
 990979 542886 1020.43854   83   22          -  656.93127      -  10.8  585s
 20935 12991  868.61551   61   14          -  528.05967      -  12.4   49s
 22157 13746  542.22742   37   28          -  528.53809      -  12.4   50s
 995994 545632 infeasible   90               -  657.15119      -  10.8  590s
 26320 16252 infeasible   59               -  530.99030      -  12.3   55s
 1000372 547851  702.14258   56   29          -  657.33955      -  10.8  595s
 31099 19117  661.72495   40   21          -  533.78801      -  12.2   60s
 1004306 549796  896.00222   74   21          -  657.56824      -  10.8  600s
 33802 20843  769.36244   48   24          -  534.61094      -  12.3   65s
 1007492 551440  671.01188   54   27          -  657.69662      -  10.8  605s
 36890 22736  715.24687   50   16          -  535.93881      -  12.2   70s
 1010532 553003 1018.86385   70   22          -  657.85319      -  10.8  610s
 40465 24852  644.09477   37   20          -  537.54352      -  12.2   75s
 1014574 555131 infeasible   63               -  658.04527      -  10.8  615s
 45318 27918  570.69254   43   28          -  539.14254      -  11.9   80s
 1018415 557173  821.64154   48   28          -  658.18368      -  10.8  620s
 49232 30264  640.10370   44   21          -  540.56780      -  11.8   85s
 1022493 559463 infeasible   74               -  658.34228      -  10.8  625s
 53892 33185 infeasible   60               -  542.08739      -  11.7   90s
 1027006 561866  952.34560   68   24          -  658.52835      -  10.8  630s
 58526 35929  755.85433   46   16          -  543.47639      -  11.7   95s
 1031817 564361  888.23610   66   24          -  658.72117      -  10.8  635s
 63345 38821 infeasible   67               -  544.65781      -  11.6  100s
 1036851 566992  830.94311   72   22          -  658.91773      -  10.8  640s
 68003 41640  779.69336   76   15          -  546.09079      -  11.5  105s
 1041669 569586  824.11646   64   25          -  659.10520      -  10.8  645s
 72131 44132  759.66028   74   18          -  547.17509      -  11.5  110s
 1045543 571517 infeasible   61               -  659.30892      -  10.8  650s
 76650 46821  812.93671   72   10          -  548.36321      -  11.5  115s
 1049522 573337  823.97149   64   29          -  659.52856      -  10.8  655s
 81145 49369  591.12568   50   25          -  549.72973      -  11.4  120s
 1053503 575329  803.70650   65   32          -  659.69191      -  10.8  660s
 85247 51721  610.14822   41   21          -  550.76743      -  11.4  125s
 1057655 577434  757.62303   69   27          -  659.86208      -  10.8  665s
 89689 54264  613.96660   55   24          -  551.90322      -  11.3  130s
 1061522 579418  687.82288   48   29          -  660.00537      -  10.8  670s
 94554 57223 infeasible   62               -  552.69006      -  11.3  135s
 1065815 581613  946.29186   73   25          -  660.20975      -  10.8  675s
 99322 60085  750.44186   66   14          -  553.77391      -  11.3  140s
 1070646 583867 infeasible   49               -  660.45396      -  10.8  680s
 105050 63488  587.59430   52   24          -  554.93015      -  11.2  145s
 1075352 586353  863.50841   63   22          -  660.65819      -  10.8  685s
 110153 66538  577.63078   37   16          -  556.13191      -  11.2  150s
 1080391 588960 infeasible   60               -  660.86470      -  10.8  690s
 115470 69743  561.91715   43   24          -  557.09160      -  11.2  155s
 1085166 591376  772.31390   53   20          -  661.06869      -  10.8  695s
 121321 73195 infeasible   83               -  557.98963      -  11.1  160s
 1090016 593718  881.36058   83   25          -  661.24402      -  10.8  700s
 126758 76327 infeasible   52               -  558.73915      -  11.1  165s
 1095448 596485 infeasible   74               -  661.44404      -  10.8  705s
 133075 80150  712.96713   57   27          -  559.48678      -  11.0  170s
 1101657 599664 1130.20814   86   21          -  661.65769      -  10.8  710s
 138611 83316 infeasible   98               -  560.38543      -  11.0  175s
 1106142 601855  726.61119   59   21          -  661.88452      -  10.8  715s
 144556 86747  791.61679   51   16          -  561.20722      -  10.9  180s
 1110959 604189  745.09357   69   23          -  662.09794      -  10.8  720s
 149463 89657  776.79655   79   20          -  561.94476      -  10.9  185s
 1115465 606490 infeasible   94               -  662.30077      -  10.8  725s
 153422 91990  582.63920   51   18          -  562.47182      -  10.9  190s
 1118685 608174 infeasible   64               -  662.42052      -  10.8  730s
 156827 94080  631.09210   71   24          -  562.83776      -  10.8  195s
 1121194 609306 infeasible   49               -  662.53739      -  10.8  735s
 160739 96259 infeasible   40               -  563.34966      -  10.8  200s
 1125668 611439 infeasible   51               -  662.69067      -  10.8  740s
 165552 99068  924.32651   81   18          -  564.04021      -  10.8  205s
 1130370 613755  746.33872   60   23          -  662.87190      -  10.8  745s
 171186 102282  575.93050   53   25          -  564.73801      -  10.8  210s
 1135944 616353 infeasible   48               -  663.08965      -  10.8  750s
 176476 105347  578.38513   47   20          -  565.39042      -  10.8  215s
 1140385 618587  710.62405   53   25          -  663.24610      -  10.8  755s
 180168 107475 infeasible   52               -  565.87308      -  10.8  220s
 1143926 620352  700.22277   53   28          -  663.38915      -  10.8  760s
 185370 110390  836.72713   61   10          -  566.42492      -  10.8  225s
 1149585 623327  680.61217   46   24          -  663.59975      -  10.8  765s
 190527 113218  698.44413   50   12          -  567.09113      -  10.7  230s
 1154325 625834  763.35025   66   32          -  663.75358      -  10.8  770s
 195669 116199  712.90111   63   10          -  567.60198      -  10.7  235s
 1159287 628495 infeasible   56               -  663.89056      -  10.8  775s
 199972 118900  717.75604   66   21          -  568.01288      -  10.7  240s
 1162743 630128 1004.32221   62   29          -  664.01658      -  10.8  780s
 204390 121539  712.87013   71   12          -  568.35236      -  10.7  245s
 1166448 631982 1074.55487  111   26          -  664.16687      -  10.8  785s
 208158 123910  657.13127   67   23          -  568.74167      -  10.7  250s
 1170726 634201 infeasible  103               -  664.29738      -  10.8  790s
 212931 126622  588.30797   39   28          -  569.21311      -  10.7  255s
 1175977 636808  842.49584   51   17          -  664.50709      -  10.8  795s
 218448 129797  747.94424   45   10          -  569.76268      -  10.6  260s
 1180687 639048 infeasible   50               -  664.69146      -  10.8  800s
 223435 132670  735.65369   93   23          -  570.31673      -  10.6  265s
 1184682 641089  786.12315   60   23          -  664.85396      -  10.8  805s
 228018 135283  631.53251   64   17          -  570.81302      -  10.6  270s
 1188279 642817  809.54585   71   29          -  665.00013      -  10.8  810s
 231631 137351  605.68416   71   14          -  571.13200      -  10.6  275s
 1191288 644240  959.49087   72   15          -  665.14679      -  10.8  815s
 235505 139617  665.54962   87   21          -  571.48260      -  10.6  280s
 1194300 645708  957.43596   69   25          -  665.27849      -  10.8  820s
 239428 141839  589.82900   50   20          -  571.81504      -  10.5  285s
 1198507 647914 1135.79941   74   17          -  665.40236      -  10.8  825s
 244408 144697  758.20935   62   12          -  572.19827      -  10.5  290s
 1203310 650317 1044.65338   74   23          -  665.59373      -  10.8  830s
 248921 147242  622.61418   41   14          -  572.56807      -  10.5  295s
 1207679 652355  749.13288   75   19          -  665.77099      -  10.8  835s
 253522 149874  841.28826  104   18          -  572.94551      -  10.5  300s
 1212237 654780 infeasible   62               -  665.92555      -  10.8  840s
 258111 152435  631.47143   52   14          -  573.37443      -  10.5  305s
 1217034 657317  744.60029   63   20          -  666.07117      -  10.8  845s
 262775 155004  652.21724   57   19          -  573.74693      -  10.5  310s
 1221997 659876  733.55127   63   29          -  666.21613      -  10.8  850s
 267475 157641 infeasible  115               -  574.11057      -  10.5  315s
 1227306 662659 infeasible   74               -  666.39153      -  10.8  855s
 273070 160796  820.90953   65   17          -  574.54257      -  10.5  320s
 1231266 664716 1122.27513   84   21          -  666.51518      -  10.8  860s
 277056 162966  679.40846   45   16          -  574.84928      -  10.5  325s
 1233985 665998  801.94841   53   23          -  666.63520      -  10.8  865s
 280643 165031 infeasible   49               -  575.11596      -  10.5  330s
 1238134 668173  901.43976   53   14          -  666.78380      -  10.8  870s
 284501 167158  821.76325   57   22          -  575.45287      -  10.4  335s
 1242247 670341 infeasible   74               -  666.90023      -  10.8  875s
 288940 169647  616.52035   61   28          -  575.76718      -  10.4  340s
 1245989 672251  985.11756   74   35          -  667.02391      -  10.8  880s
 293708 172300 infeasible   59               -  576.08958      -  10.4  345s
 1250621 674570  947.23496   71   19          -  667.22610      -  10.8  885s
 297592 174416  579.75495   53   24          -  576.42641      -  10.4  350s
 1253922 676243 1152.68219   76   19          -  667.33363      -  10.8  890s
 301535 176479  936.55573   74   10          -  576.68929      -  10.4  355s
 1257277 677808 infeasible   85               -  667.45938      -  10.8  895s
 304405 178026  939.25913   71    8          -  576.93861      -  10.4  360s
 1259813 678970  706.08146   75   28          -  667.56304      -  10.8  900s
 307905 180033  730.63312   57   12          -  577.16540      -  10.4  365s
 1262915 680532  833.96426   52   21          -  667.68131      -  10.8  905s
 311715 182212  645.27949   64   22          -  577.39965      -  10.4  370s
 1265829 682025  808.47103   53   27          -  667.75682      -  10.8  910s
 315399 184419 infeasible   69               -  577.66856      -  10.4  375s
 1268954 683639  695.72389   50   31          -  667.87529      -  10.8  915s
 318410 186057 infeasible   66               -  577.85720      -  10.4  380s
 1271865 685041  749.55502   59   29          -  667.95653      -  10.8  920s
 322425 188297 infeasible   70               -  578.14671      -  10.4  385s
 1275168 686673  820.87556   55   27          -  668.06885      -  10.8  925s
 326159 190387  679.10269   69   16          -  578.40664      -  10.4  390s
 1279047 688555  949.54934   88   24          -  668.21509      -  10.8  930s
 330187 192772  644.58296   77   21          -  578.64919      -  10.4  395s
 1282428 690283  930.58140   70   25          -  668.31769      -  10.8  935s
 333614 194704  714.37222   52    6          -  578.91697      -  10.4  400s
 1286165 692177 1138.32550   90   18          -  668.44896      -  10.8  940s
 338603 197477  761.56570   66    9          -  579.21106      -  10.4  405s
 1290229 694032  884.86087   74   27          -  668.62443      -  10.8  945s
 343480 200190  658.85513   54    8          -  579.52161      -  10.3  410s
 1295034 696569  798.81764   64   31          -  668.75590      -  10.8  950s
 348452 202989 infeasible   54               -  579.82418      -  10.3  415s
 1299360 698799 1134.31171   82   22          -  668.87959      -  10.8  955s
 353233 205575  806.46512   61   14          -  580.18368      -  10.3  420s
 1304074 701212 infeasible   72               -  669.02973      -  10.8  960s
 357449 207815  673.88053   43    8          -  580.47359      -  10.3  425s
 1307244 702806  741.09842   58   30          -  669.15072      -  10.8  965s
 361106 209811 infeasible   52               -  580.73488      -  10.3  430s
 1310109 704044  736.35789   48   19          -  669.26638      -  10.8  970s
 364701 211721 infeasible   66               -  580.99982      -  10.3  435s
 1313386 705800  726.96258   48   23          -  669.36418      -  10.8  975s
 367376 213210  618.24330   57   13          -  581.18715      -  10.3  440s
 1316522 707432  812.38867   75   33          -  669.45463      -  10.8  980s
 369982 214540  701.43636   73   17          -  581.34164      -  10.3  445s
 1318478 708330  742.16243   63   29          -  669.52291      -  10.8  985s
 373074 216195  752.64494   71   12          -  581.59109      -  10.3  450s
 1321306 709717 infeasible   55               -  669.60694      -  10.8  990s
 376632 218113  688.34396   70   18          -  581.83649      -  10.3  455s
 1324695 711380 infeasible   97               -  669.71809      -  10.8  995s
 380043 220048  614.04014   67   12          -  581.98436      -  10.3  460s
 1327384 712777  703.93764   62   25          -  669.79691      -  10.8 1000s
 383578 221905  609.77972   57   21          -  582.19761      -  10.3  465s
 1330999 714624 infeasible   68               -  669.91994      -  10.8 1005s
 387521 224174 infeasible  112               -  582.44306      -  10.3  470s
 1335114 716774  947.03757   56   20          -  670.01351      -  10.8 1010s
 391375 226430  631.54923   56   22          -  582.61598      -  10.3  475s
 1338743 718598  869.59390   88   25          -  670.13407      -  10.8 1015s
 395462 228736  715.68834   54   18          -  582.84724      -  10.3  480s
 1343108 720660  704.83508   55   25          -  670.29931      -  10.8 1020s
 400200 231215  770.05487   65   22          -  583.12815      -  10.3  485s
 1347459 722944  840.48744   71   28          -  670.41920      -  10.8 1025s
 404818 233812  594.88532   55   20          -  583.36177      -  10.3  490s
 1352139 725386  787.43639   46   20          -  670.58528      -  10.8 1030s

Explored 1352300 nodes (14620697 simplex iterations) in 1000.08 seconds
Thread count was 4 (of 4 available processors)

Solution count 0

Time limit reached
Best objective -, best bound 6.705852801611e+02, gap -
 409666 236279 infeasible   59               -  583.65570      -  10.3  495s
 416270 239977  685.88697   83   20          -  584.04372      -  10.2  500s
 422487 243522  676.20795   55   16          -  584.34314      -  10.2  505s
 430080 247847 infeasible   56               -  584.74512      -  10.2  510s
 437452 251859  591.97015   53   21          -  585.11253      -  10.2  515s
 446170 256700  723.53682   63   20          -  585.49932      -  10.2  520s
 451924 259861  638.62852   44   18          -  585.78564      -  10.2  525s
 459554 263984  730.45981   59   12          -  586.20823      -  10.2  530s
 464034 266449  712.20655   63   12          -  586.44985      -  10.2  535s
 470808 270341  969.37158   74   14          -  586.73283      -  10.2  540s
 476271 273315 infeasible   53               -  587.03245      -  10.2  545s
 482752 276919  681.48949   48   17          -  587.32237      -  10.2  550s
 492037 281851  876.77876   87   18          -  587.76905      -  10.2  555s
 498964 285627  677.16775   71   25          -  588.10470      -  10.2  560s
 505735 289230 infeasible   82               -  588.42745      -  10.2  565s
 514074 293803  612.98947   57   19          -  588.79893      -  10.1  570s
 523293 298739  773.60833   59   24          -  589.21783      -  10.1  575s
 531279 302999  626.74798   45   25          -  589.59969      -  10.1  580s
 538683 306986  702.41694   53   15          -  589.97586      -  10.1  585s
 546344 311059 infeasible   72               -  590.32356      -  10.1  590s
 553793 315185  664.19372   58   13          -  590.63287      -  10.1  595s
 557991 317501 infeasible   79               -  590.79739      -  10.1  600s
 561338 319241  733.30007   81   13          -  590.93272      -  10.1  605s
 569427 323534  612.59481   62   14          -  591.29745      -  10.1  610s
 577889 327890  717.69509   72   22          -  591.72319      -  10.1  615s
 586818 332736 infeasible  108               -  592.06736      -  10.1  620s
 596251 337783 infeasible   61               -  592.44822      -  10.1  625s
 603049 341323  668.14204   54   27          -  592.70642      -  10.1  630s
 609404 344591  772.82832   60   19          -  592.94878      -  10.1  635s
 616937 348846  604.36843   37   23          -  593.21325      -  10.1  640s
 623955 352487  748.22718   59   13          -  593.50609      -  10.1  645s
 630612 355878 infeasible   64               -  593.76497      -  10.0  650s
 635420 358416  722.19891   68   18          -  593.96057      -  10.0  655s
 640127 360893 infeasible   87               -  594.15763      -  10.0  660s
 643092 362483  628.20433   55   24          -  594.24819      -  10.0  665s
 648500 365354  783.94685  108   13          -  594.43519      -  10.0  670s
 654924 368830 infeasible   74               -  594.65813      -  10.0  675s
 662205 372726 infeasible   52               -  594.92999      -  10.0  680s
 670008 376789  646.06283   51   20          -  595.18124      -  10.0  685s
 678960 381492 infeasible   58               -  595.48526      -  10.0  690s
 687096 385851  855.34891   98   14          -  595.75758      -  10.0  695s
 696019 390657 infeasible   73               -  596.03919      -  10.0  700s
 703969 394852  820.05883   77   21          -  596.28845      -  10.0  705s
 712963 399813 infeasible   69               -  596.50680      -  10.0  710s
 722257 404844  821.66798   87   21          -  596.79427      -  10.0  715s
 730479 409285 infeasible   85               -  597.05644      -  10.0  720s
 738849 413773  653.35630   64   23          -  597.30728      -  10.0  725s
 744963 416973  598.68118   37   25          -  597.45752      -  10.0  730s
 750874 419961 infeasible   38               -  597.66511      -  10.0  735s
 757798 423724 infeasible   48               -  597.86297      -  10.0  740s
 766663 428410  858.64880   71   18          -  598.11209      -  10.0  745s
 774860 432897  843.37335   69   16          -  598.32868      -  10.0  750s
 783768 437564 infeasible   77               -  598.58895      -  10.0  755s
 793440 442619  652.34240   63   20          -  598.88575      -   9.9  760s
 805297 449041 infeasible   36               -  599.24064      -   9.9  765s
 816272 455093 infeasible   62               -  599.50984      -   9.9  770s
 823766 459007 infeasible  103               -  599.74484      -   9.9  775s
 832731 464027  893.17336  102   12          -  599.96085      -   9.9  780s
 840183 467910  627.68054   63   18          -  600.15196      -   9.9  785s
 846538 471234  881.01576   78   22          -  600.32497      -   9.9  790s
 855691 476250  853.25930   69   14          -  600.53501      -   9.9  795s
 863217 480220  760.20396   73   13          -  600.75512      -   9.8  800s
 870842 484182  623.48164   58   27          -  600.95002      -   9.8  805s
 880291 489390  658.13932   55   15          -  601.16381      -   9.8  810s
 888729 493641 infeasible   55               -  601.37463      -   9.8  815s
 895838 497412  656.05730   59   19          -  601.56118      -   9.8  820s
 903025 500937  677.06434   52   14          -  601.76900      -   9.8  825s
 912381 505693  769.52557   63   13          -  602.00169      -   9.8  830s
 921570 510633  661.15588   60   14          -  602.18167      -   9.8  835s
 930209 515052  760.27602   69   24          -  602.40869      -   9.8  840s
 939917 520088  687.05276   83   17          -  602.63722      -   9.8  845s
 948093 524358 infeasible   86               -  602.83489      -   9.8  850s
 956974 529038  833.68101   75   19          -  603.02310      -   9.8  855s
 963342 532335  792.21614   69   17          -  603.16356      -   9.8  860s
 971631 536727  643.98565   56   23          -  603.35844      -   9.8  865s
 981044 541654  825.87522   66   20          -  603.56334      -   9.8  870s
 991597 547151  617.37042   36   32          -  603.80237      -   9.8  875s
 1001544 552506  690.40346   68   15          -  603.98265      -   9.8  880s
 1010491 557157  712.05689   80   19          -  604.16786      -   9.8  885s
 1020918 562579 1006.04052  111   18          -  604.38853      -   9.8  890s
 1031069 567578  813.90873   87   20          -  604.61135      -   9.8  895s
 1040839 572569  795.36829   84   16          -  604.83080      -   9.8  900s
 1052079 578415  640.08083   54   15          -  605.08946      -   9.8  905s
 1061934 583556  621.73075   56   15          -  605.29029      -   9.8  910s
 1075299 591026  718.34233   66   15          -  605.52629      -   9.8  915s
 1085486 596462  689.33512   92   13          -  605.71742      -   9.8  920s
 1096861 602778  969.43455   82   12          -  605.91611      -   9.7  925s
 1107943 608702  619.66162   62   18          -  606.12900      -   9.7  930s
 1118845 614639  659.97213   88   23          -  606.30496      -   9.7  935s
 1129695 620554 infeasible   87               -  606.48882      -   9.7  940s
 1139893 626090 1007.35919  106   10          -  606.65954      -   9.7  945s
 1149384 631168  951.28501   99   17          -  606.83569      -   9.7  950s
 1158987 636283  646.09600   59   29          -  607.00888      -   9.7  955s
 1168776 641386  626.66076   48   16          -  607.19577      -   9.7  960s
 1177979 646321  646.89046   55   14          -  607.34947      -   9.7  965s
 1186186 650474  618.22732   60   16          -  607.52039      -   9.7  970s
 1196441 655687  710.41189   66   17          -  607.70507      -   9.7  975s
 1205320 660465  759.81681   62   12          -  607.83268      -   9.7  980s
 1213969 664877 infeasible   55               -  607.99704      -   9.7  985s
 1223168 669637  799.39228   66   10          -  608.13793      -   9.7  990s
 1232057 674216  674.55576   74   16          -  608.29949      -   9.7  995s
 1242470 679814  608.46633   53   27          -  608.46570      -   9.7 1000s

Cutting planes:
  Gomory: 8
  Implied bound: 3
  Projected implied bound: 1
  MIR: 7
  StrongCG: 1
  Flow cover: 13
  GUB cover: 2
  Zero half: 4
  Mod-K: 1

Explored 1243113 nodes (12055181 simplex iterations) in 1000.02 seconds
Thread count was 4 (of 4 available processors)

Solution count 0

Time limit reached
Best objective -, best bound 6.084695296805e+02, gap -
Changed value of parameter MIPGap to 0.1
   Prev: 0.0001  Min: 0.0  Max: 1e+100  Default: 0.0001
Changed value of parameter TimeLimit to 1000.0
   Prev: 1e+100  Min: 0.0  Max: 1e+100  Default: 1e+100
Optimize a model with 40 rows, 120 columns and 200 nonzeros
Model has 90 general constraints
Variable types: 10 continuous, 110 integer (110 binary)
Coefficient statistics:
  Matrix range     [1e+00, 1e+00]
  Objective range  [7e+00, 2e+02]
  Bounds range     [1e+00, 1e+00]
  RHS range        [1e+00, 2e+01]
Presolve added 195 rows and 25 columns
Presolve time: 0.01s
Presolved: 235 rows, 145 columns, 1171 nonzeros
Variable types: 55 continuous, 90 integer (90 binary)

Root relaxation: objective 3.769644e+02, 33 iterations, 0.00 seconds

    Nodes    |    Current Node    |     Objective Bounds      |     Work
 Expl Unexpl |  Obj  Depth IntInf | Incumbent    BestBd   Gap | It/Node Time

     0     0  376.96440    0   19          -  376.96440      -     -    0s
     0     0  394.08481    0   16          -  394.08481      -     -    0s
     0     0  394.09278    0   11          -  394.09278      -     -    0s
     0     0  394.63869    0   16          -  394.63869      -     -    0s
     0     0  394.73597    0   16          -  394.73597      -     -    0s
     0     0  394.74826    0   16          -  394.74826      -     -    0s
     0     0  394.74826    0   16          -  394.74826      -     -    0s
     0     2  394.74826    0   16          -  394.74826      -     -    0s
 21193  6044 infeasible   30               -  528.20401      -   7.3    5s
 44200  7748 infeasible   31               -  606.12162      -   7.1   10s

Cutting planes:
  Learned: 2
  Gomory: 2
  Cover: 1
  Implied bound: 1

Explored 65749 nodes (457437 simplex iterations) in 14.57 seconds
Thread count was 4 (of 4 available processors)

Solution count 0

Model is infeasible
Best objective -, best bound -, gap -
Changed value of parameter MIPGap to 0.1
   Prev: 0.0001  Min: 0.0  Max: 1e+100  Default: 0.0001
Changed value of parameter TimeLimit to 100.0
   Prev: 1e+100  Min: 0.0  Max: 1e+100  Default: 1e+100
Optimize a model with 28 rows, 63 columns and 98 nonzeros
Model has 42 general constraints
Variable types: 7 continuous, 56 integer (56 binary)
Coefficient statistics:
  Matrix range     [1e+00, 1e+00]
  Objective range  [2e+01, 2e+02]
  Bounds range     [1e+00, 1e+00]
  RHS range        [1e+00, 2e+01]
Presolve added 84 rows and 7 columns
Presolve time: 0.00s
Presolved: 112 rows, 70 columns, 525 nonzeros
Variable types: 28 continuous, 42 integer (42 binary)

Root relaxation: objective 2.426646e+02, 21 iterations, 0.00 seconds

    Nodes    |    Current Node    |     Objective Bounds      |     Work
 Expl Unexpl |  Obj  Depth IntInf | Incumbent    BestBd   Gap | It/Node Time

     0     0  242.66456    0   12          -  242.66456      -     -    0s
     0     0  248.67531    0   16          -  248.67531      -     -    0s
     0     0  281.37818    0   14          -  281.37818      -     -    0s
     0     0  281.37818    0   14          -  281.37818      -     -    0s
     0     0  281.45089    0   12          -  281.45089      -     -    0s
     0     0  281.45089    0   12          -  281.45089      -     -    0s
     0     2  281.45089    0   12          -  281.45089      -     -    0s

Cutting planes:
  Gomory: 2
  Implied bound: 3

Explored 1779 nodes (5920 simplex iterations) in 0.31 seconds
Thread count was 4 (of 4 available processors)

Solution count 0

Model is infeasible
Best objective -, best bound -, gap -
Changed value of parameter MIPGap to 0.1
   Prev: 0.0001  Min: 0.0  Max: 1e+100  Default: 0.0001
Changed value of parameter TimeLimit to 100.0
   Prev: 1e+100  Min: 0.0  Max: 1e+100  Default: 1e+100
Optimize a model with 28 rows, 63 columns and 112 nonzeros
Model has 42 general constraints
Variable types: 7 continuous, 56 integer (56 binary)
Coefficient statistics:
  Matrix range     [1e+00, 1e+00]
  Objective range  [2e+01, 2e+02]
  Bounds range     [1e+00, 1e+00]
  RHS range        [1e+00, 2e+01]
Presolve added 18 rows and 0 columns
Presolve removed 0 rows and 34 columns
Presolve time: 0.00s
Presolved: 46 rows, 29 columns, 183 nonzeros
Variable types: 11 continuous, 18 integer (18 binary)

Root relaxation: objective 2.842575e+02, 15 iterations, 0.00 seconds

    Nodes    |    Current Node    |     Objective Bounds      |     Work
 Expl Unexpl |  Obj  Depth IntInf | Incumbent    BestBd   Gap | It/Node Time

     0     0  284.25754    0    6          -  284.25754      -     -    0s
H    0     0                     472.1380828  284.25754  39.8%     -    0s
H    0     0                     379.9207944  284.25754  25.2%     -    0s
H    0     0                     311.1226588  284.25754  8.63%     -    0s

Explored 1 nodes (15 simplex iterations) in 0.04 seconds
Thread count was 4 (of 4 available processors)

Solution count 3: 311.123 379.921 472.138 

Optimal solution found (tolerance 1.00e-01)
Best objective 3.111226588253e+02, best bound 2.842575388987e+02, gap 8.6349%
Changed value of parameter MIPGap to 0.1
   Prev: 0.0001  Min: 0.0  Max: 1e+100  Default: 0.0001
Changed value of parameter TimeLimit to 100.0
   Prev: 1e+100  Min: 0.0  Max: 1e+100  Default: 1e+100
Optimize a model with 80 rows, 440 columns and 800 nonzeros
Model has 380 general constraints
Variable types: 20 continuous, 420 integer (420 binary)
Coefficient statistics:
  Matrix range     [1e+00, 1e+00]
  Objective range  [3e+00, 2e+02]
  Bounds range     [1e+00, 1e+00]
  RHS range        [1e+00, 2e+01]
Presolve added 890 rows and 150 columns
Presolve time: 0.04s
Presolved: 970 rows, 590 columns, 4941 nonzeros
Variable types: 210 continuous, 380 integer (380 binary)

Root relaxation: objective 4.249307e+02, 59 iterations, 0.00 seconds

    Nodes    |    Current Node    |     Objective Bounds      |     Work
 Expl Unexpl |  Obj  Depth IntInf | Incumbent    BestBd   Gap | It/Node Time

     0     0  424.93075    0   25          -  424.93075      -     -    0s
     0     0  445.26244    0   28          -  445.26244      -     -    0s
     0     0  446.44891    0   33          -  446.44891      -     -    0s
     0     0  448.64118    0   39          -  448.64118      -     -    0s
     0     0  449.83517    0   37          -  449.83517      -     -    0s
     0     0  450.26524    0   38          -  450.26524      -     -    0s
     0     0  450.35101    0   37          -  450.35101      -     -    0s
     0     0  450.35101    0   37          -  450.35101      -     -    0s
     0     0  450.35402    0   37          -  450.35402      -     -    0s
     0     0  450.39154    0   37          -  450.39154      -     -    0s
     0     0  450.39154    0   37          -  450.39154      -     -    0s
     0     0  450.39154    0   37          -  450.39154      -     -    0s
     0     0  450.39154    0   37          -  450.39154      -     -    0s
     0     2  450.39154    0   37          -  450.39154      -     -    0s
  2153  1208  730.02942   67   15          -  467.27633      -  12.7    5s
 10280  6536  578.55272   24   20          -  484.84311      -  14.9   10s
 19218 12498 infeasible   44               -  492.92125      -  14.7   15s
 23210 15146  555.10483   35   24          -  495.61389      -  14.6   20s
 33154 21646  541.56833   35   21          -  500.07195      -  14.6   25s
 43584 28395 infeasible   43               -  503.82032      -  14.4   30s
 53816 34800  571.37724   39   31          -  506.70521      -  14.4   35s
 64329 41213  527.64788   38   28          -  508.94386      -  14.3   40s
 73521 46823  663.38035   40   27          -  510.64442      -  14.4   45s
 82802 52461  592.11703   41   20          -  512.23947      -  14.3   50s
 92772 58718  671.39480   38   17          -  513.79261      -  14.2   55s
 99454 62705  519.58881   24   27          -  515.03783      -  14.2   60s
 107731 67850  553.87180   43   15          -  516.22283      -  14.1   65s
 115961 72942  681.89933   65   26          -  517.12384      -  14.1   70s
 126177 79160  571.11501   51   32          -  518.25973      -  14.0   75s
 134121 84019 infeasible   44               -  519.07807      -  14.0   80s
 141747 88585  571.25149   33   25          -  519.86994      -  13.9   85s
 151605 94701  664.02534   32    6          -  520.88146      -  13.9   90s
 161075 100274  689.85102   49   23          -  521.85676      -  13.9   95s
 172702 107357  609.70669   38   28          -  522.78577      -  13.8  100s

Cutting planes:
  Learned: 4
  Gomory: 9
  Cover: 2
  Implied bound: 3
  MIR: 3
  StrongCG: 1
  Flow cover: 11
  Zero half: 5

Explored 173059 nodes (2401693 simplex iterations) in 100.04 seconds
Thread count was 4 (of 4 available processors)

Solution count 0

Time limit reached
Best objective -, best bound 5.227982571344e+02, gap -
Parameter MIPGap unchanged
   Value: 0.1  Min: 0.0  Max: 1e+100  Default: 0.0001
Changed value of parameter TimeLimit to 60.0
   Prev: 100.0  Min: 0.0  Max: 1e+100  Default: 1e+100
Optimize a model with 80 rows, 440 columns and 800 nonzeros
Model has 380 general constraints
Variable types: 20 continuous, 420 integer (420 binary)
Coefficient statistics:
  Matrix range     [1e+00, 1e+00]
  Objective range  [3e+00, 2e+02]
  Bounds range     [1e+00, 1e+00]
  RHS range        [1e+00, 2e+01]
Presolved: 970 rows, 590 columns, 4941 nonzeros

Continuing optimization...

 173059 107585  797.52590   78   21          -  522.80226      -  13.8  100s
 180309 111766  560.50248   34   19          -  523.42962      -  13.8  105s
 191297 118331  595.31326   39   24          -  524.34591      -  13.8  110s
 200619 123741 infeasible   41               -  525.12990      -  13.8  115s
 211050 129669  555.10180   35   25          -  525.79732      -  13.8  120s
 219966 134854  894.67482   64   24          -  526.41704      -  13.8  125s
 230704 141194  713.75039   76   21          -  527.14744      -  13.8  130s
 239840 146610  532.24341   37   17          -  527.78595      -  13.8  135s
 250228 152912  539.59139   36   29          -  528.38602      -  13.8  140s
 260773 159116  892.93210   46   13          -  529.02721      -  13.7  145s
 271754 165466  823.65671   76   20          -  529.66779      -  13.7  150s
 282165 171546  562.69382   36   28          -  530.22386      -  13.7  155s
 292620 177453  543.76732   38   25          -  530.78065      -  13.7  160s

Cutting planes:
  Learned: 4
  Gomory: 9
  Cover: 2
  Implied bound: 3
  MIR: 3
  StrongCG: 1
  Flow cover: 11
  Zero half: 5

Explored 293008 nodes (4012076 simplex iterations) in 60.03 seconds
Thread count was 4 (of 4 available processors)

Solution count 0

Time limit reached
Best objective -, best bound 5.307896080141e+02, gap -
Changed value of parameter MIPGap to 0.1
   Prev: 0.0001  Min: 0.0  Max: 1e+100  Default: 0.0001
Changed value of parameter TimeLimit to 60.0
   Prev: 1e+100  Min: 0.0  Max: 1e+100  Default: 1e+100
Optimize a model with 40 rows, 120 columns and 200 nonzeros
Model has 90 general constraints
Variable types: 10 continuous, 110 integer (110 binary)
Coefficient statistics:
  Matrix range     [1e+00, 1e+00]
  Objective range  [1e+01, 1e+02]
  Bounds range     [1e+00, 1e+00]
  RHS range        [1e+00, 2e+01]
Presolve added 165 rows and 7 columns
Presolve time: 0.01s
Presolved: 205 rows, 127 columns, 1017 nonzeros
Variable types: 49 continuous, 78 integer (78 binary)

Root relaxation: objective 2.774057e+02, 33 iterations, 0.00 seconds

    Nodes    |    Current Node    |     Objective Bounds      |     Work
 Expl Unexpl |  Obj  Depth IntInf | Incumbent    BestBd   Gap | It/Node Time

     0     0  277.40572    0   19          -  277.40572      -     -    0s
     0     0  290.54856    0   21          -  290.54856      -     -    0s
     0     0  293.05767    0   21          -  293.05767      -     -    0s
     0     0  301.11268    0   23          -  301.11268      -     -    0s
     0     0  302.06802    0   21          -  302.06802      -     -    0s
     0     0  302.06802    0   21          -  302.06802      -     -    0s
     0     0  302.34877    0   24          -  302.34877      -     -    0s
     0     0  302.44228    0   24          -  302.44228      -     -    0s
     0     0  302.67205    0   24          -  302.67205      -     -    0s
     0     0  303.47939    0   22          -  303.47939      -     -    0s
     0     0  303.76367    0   24          -  303.76367      -     -    0s
     0     0  304.20403    0   22          -  304.20403      -     -    0s
     0     0  304.20403    0   22          -  304.20403      -     -    0s
     0     2  304.20403    0   22          -  304.20403      -     -    0s

Cutting planes:
  Learned: 2
  Gomory: 3
  Cover: 2
  Implied bound: 3
  MIR: 2
  StrongCG: 1
  GUB cover: 3

Explored 647 nodes (2508 simplex iterations) in 0.38 seconds
Thread count was 4 (of 4 available processors)

Solution count 0

Model is infeasible
Best objective -, best bound -, gap -
Changed value of parameter MIPGap to 0.1
   Prev: 0.0001  Min: 0.0  Max: 1e+100  Default: 0.0001
Changed value of parameter TimeLimit to 60.0
   Prev: 1e+100  Min: 0.0  Max: 1e+100  Default: 1e+100
Optimize a model with 40 rows, 120 columns and 220 nonzeros
Model has 90 general constraints
Variable types: 10 continuous, 110 integer (110 binary)
Coefficient statistics:
  Matrix range     [1e+00, 1e+00]
  Objective range  [2e+01, 1e+02]
  Bounds range     [1e+00, 1e+00]
  RHS range        [1e+00, 2e+01]
Presolve added 29 rows and 0 columns
Presolve removed 0 rows and 75 columns
Presolve time: 0.00s
Presolved: 69 rows, 45 columns, 217 nonzeros
Variable types: 20 continuous, 25 integer (25 binary)

Root relaxation: objective 2.786298e+02, 33 iterations, 0.00 seconds

    Nodes    |    Current Node    |     Objective Bounds      |     Work
 Expl Unexpl |  Obj  Depth IntInf | Incumbent    BestBd   Gap | It/Node Time

     0     0  278.62981    0    6          -  278.62981      -     -    0s
H    0     0                     339.5660205  278.62981  17.9%     -    0s
     0     0  278.69838    0    6  339.56602  278.69838  17.9%     -    0s
H    0     0                     279.4737698  278.69838  0.28%     -    0s

Explored 1 nodes (37 simplex iterations) in 0.06 seconds
Thread count was 4 (of 4 available processors)

Solution count 2: 279.474 339.566 

Optimal solution found (tolerance 1.00e-01)
Best objective 2.794737698251e+02, best bound 2.786983811284e+02, gap 0.2774%
Changed value of parameter MIPGap to 0.1
   Prev: 0.0001  Min: 0.0  Max: 1e+100  Default: 0.0001
Changed value of parameter TimeLimit to 60.0
   Prev: 1e+100  Min: 0.0  Max: 1e+100  Default: 1e+100
Optimize a model with 80 rows, 440 columns and 840 nonzeros
Model has 380 general constraints
Variable types: 20 continuous, 420 integer (420 binary)
Coefficient statistics:
  Matrix range     [1e+00, 1e+00]
  Objective range  [6e+00, 2e+02]
  Bounds range     [1e+00, 1e+00]
  RHS range        [1e+00, 2e+01]
Presolve added 260 rows and 0 columns
Presolve removed 0 rows and 232 columns
Presolve time: 0.03s
Presolved: 340 rows, 208 columns, 1954 nonzeros
Variable types: 56 continuous, 152 integer (152 binary)

Root relaxation: objective 4.192359e+02, 46 iterations, 0.00 seconds

    Nodes    |    Current Node    |     Objective Bounds      |     Work
 Expl Unexpl |  Obj  Depth IntInf | Incumbent    BestBd   Gap | It/Node Time

     0     0  419.23592    0   13          -  419.23592      -     -    0s
H    0     0                     758.9535452  419.23592  44.8%     -    0s
H    0     0                     521.1677993  419.23592  19.6%     -    0s
H    0     0                     517.9899421  419.23592  19.1%     -    0s
     0     0  431.49909    0    6  517.98994  431.49909  16.7%     -    0s
     0     0  431.77495    0   11  517.98994  431.77495  16.6%     -    0s
H    0     0                     508.8332389  431.77495  15.1%     -    0s
     0     0  431.88548    0   11  508.83324  431.88548  15.1%     -    0s
     0     0  431.88548    0   11  508.83324  431.88548  15.1%     -    0s
     0     0  431.88548    0   11  508.83324  431.88548  15.1%     -    0s
     0     0  431.88548    0   11  508.83324  431.88548  15.1%     -    0s
H    0     0                     505.3624121  431.88548  14.5%     -    0s
H    0     0                     497.3786179  431.88548  13.2%     -    0s
     0     0  431.88548    0   14  497.37862  431.88548  13.2%     -    0s
     0     0  431.88550    0   11  497.37862  431.88550  13.2%     -    0s
     0     0  431.98594    0   11  497.37862  431.98594  13.1%     -    0s
     0     0  431.98594    0   11  497.37862  431.98594  13.1%     -    0s
     0     0  431.98594    0   11  497.37862  431.98594  13.1%     -    0s
     0     0  431.98594    0   11  497.37862  431.98594  13.1%     -    0s
     0     2  431.98594    0   11  497.37862  431.98594  13.1%     -    0s
H   13    15                     473.5204207  435.36223  8.06%   5.3    0s

Cutting planes:
  Learned: 4
  Gomory: 3
  Implied bound: 1
  MIR: 3

Explored 15 nodes (224 simplex iterations) in 0.46 seconds
Thread count was 4 (of 4 available processors)

Solution count 7: 473.52 497.379 505.362 ... 758.954

Optimal solution found (tolerance 1.00e-01)
Best objective 4.735204207080e+02, best bound 4.353622299276e+02, gap 8.0584%
Changed value of parameter MIPGap to 0.1
   Prev: 0.0001  Min: 0.0  Max: 1e+100  Default: 0.0001
Changed value of parameter TimeLimit to 60.0
   Prev: 1e+100  Min: 0.0  Max: 1e+100  Default: 1e+100
Optimize a model with 60 rows, 255 columns and 480 nonzeros
Model has 210 general constraints
Variable types: 15 continuous, 240 integer (240 binary)
Coefficient statistics:
  Matrix range     [1e+00, 1e+00]
  Objective range  [7e+00, 2e+02]
  Bounds range     [1e+00, 1e+00]
  RHS range        [1e+00, 2e+01]
Presolve added 158 rows and 0 columns
Presolve removed 0 rows and 121 columns
Presolve time: 0.02s
Presolved: 218 rows, 134 columns, 1157 nonzeros
Variable types: 47 continuous, 87 integer (87 binary)

Root relaxation: objective 3.931604e+02, 42 iterations, 0.00 seconds

    Nodes    |    Current Node    |     Objective Bounds      |     Work
 Expl Unexpl |  Obj  Depth IntInf | Incumbent    BestBd   Gap | It/Node Time

     0     0  393.16040    0   18          -  393.16040      -     -    0s
H    0     0                     885.6677299  393.16040  55.6%     -    0s
H    0     0                     798.0445517  393.16040  50.7%     -    0s
H    0     0                     722.4580621  393.16040  45.6%     -    0s
H    0     0                     496.9892915  393.16040  20.9%     -    0s
     0     0  396.06072    0   25  496.98929  396.06072  20.3%     -    0s
     0     0  404.27468    0   22  496.98929  404.27468  18.7%     -    0s
     0     0  404.29593    0   22  496.98929  404.29593  18.7%     -    0s
     0     0  404.29593    0   22  496.98929  404.29593  18.7%     -    0s
H    0     0                     468.2521076  404.29593  13.7%     -    0s
     0     2  404.29593    0   22  468.25211  404.29593  13.7%     -    0s
H   27    14                     459.1374477  408.48871  11.0%   6.5    0s

Cutting planes:
  Learned: 1
  Gomory: 4
  Implied bound: 5

Explored 35 nodes (306 simplex iterations) in 0.19 seconds
Thread count was 4 (of 4 available processors)

Solution count 6: 459.137 468.252 496.989 ... 885.668

Optimal solution found (tolerance 1.00e-01)
Best objective 4.591374477378e+02, best bound 4.148215676138e+02, gap 9.6520%
Changed value of parameter MIPGap to 0.1
   Prev: 0.0001  Min: 0.0  Max: 1e+100  Default: 0.0001
Changed value of parameter TimeLimit to 60.0
   Prev: 1e+100  Min: 0.0  Max: 1e+100  Default: 1e+100
Optimize a model with 60 rows, 255 columns and 480 nonzeros
Model has 210 general constraints
Variable types: 15 continuous, 240 integer (240 binary)
Coefficient statistics:
  Matrix range     [1e+00, 1e+00]
  Objective range  [7e+00, 2e+02]
  Bounds range     [1e+00, 1e+00]
  RHS range        [1e+00, 2e+01]
Presolve added 158 rows and 0 columns
Presolve removed 0 rows and 121 columns
Presolve time: 0.02s
Presolved: 218 rows, 134 columns, 1157 nonzeros
Variable types: 47 continuous, 87 integer (87 binary)

Root relaxation: objective 3.931604e+02, 42 iterations, 0.00 seconds

    Nodes    |    Current Node    |     Objective Bounds      |     Work
 Expl Unexpl |  Obj  Depth IntInf | Incumbent    BestBd   Gap | It/Node Time

     0     0  393.16040    0   18          -  393.16040      -     -    0s
H    0     0                     885.6677299  393.16040  55.6%     -    0s
H    0     0                     798.0445517  393.16040  50.7%     -    0s
H    0     0                     722.4580621  393.16040  45.6%     -    0s
H    0     0                     496.9892915  393.16040  20.9%     -    0s
     0     0  396.06072    0   25  496.98929  396.06072  20.3%     -    0s
     0     0  404.27468    0   22  496.98929  404.27468  18.7%     -    0s
     0     0  404.29593    0   22  496.98929  404.29593  18.7%     -    0s
     0     0  404.29593    0   22  496.98929  404.29593  18.7%     -    0s
H    0     0                     468.2521076  404.29593  13.7%     -    0s
     0     2  404.29593    0   22  468.25211  404.29593  13.7%     -    0s
H   27    14                     459.1374477  408.48871  11.0%   6.5    0s

Cutting planes:
  Learned: 1
  Gomory: 4
  Implied bound: 5

Explored 35 nodes (306 simplex iterations) in 0.17 seconds
Thread count was 4 (of 4 available processors)

Solution count 6: 459.137 468.252 496.989 ... 885.668

Optimal solution found (tolerance 1.00e-01)
Best objective 4.591374477378e+02, best bound 4.148215676138e+02, gap 9.6520%
Changed value of parameter MIPGap to 0.1
   Prev: 0.0001  Min: 0.0  Max: 1e+100  Default: 0.0001
Changed value of parameter TimeLimit to 60.0
   Prev: 1e+100  Min: 0.0  Max: 1e+100  Default: 1e+100
Optimize a model with 80 rows, 440 columns and 840 nonzeros
Model has 380 general constraints
Variable types: 20 continuous, 420 integer (420 binary)
Coefficient statistics:
  Matrix range     [1e+00, 1e+00]
  Objective range  [3e+00, 2e+02]
  Bounds range     [1e+00, 1e+00]
  RHS range        [1e+00, 2e+01]
Presolve added 255 rows and 0 columns
Presolve removed 0 rows and 236 columns
Presolve time: 0.03s
Presolved: 335 rows, 204 columns, 1903 nonzeros
Variable types: 58 continuous, 146 integer (146 binary)

Root relaxation: objective 3.783622e+02, 60 iterations, 0.00 seconds

    Nodes    |    Current Node    |     Objective Bounds      |     Work
 Expl Unexpl |  Obj  Depth IntInf | Incumbent    BestBd   Gap | It/Node Time

     0     0  378.36221    0   24          -  378.36221      -     -    0s
H    0     0                     950.5574890  378.36221  60.2%     -    0s
H    0     0                     915.2930746  378.36221  58.7%     -    0s
H    0     0                     589.0243555  378.36221  35.8%     -    0s
H    0     0                     584.9953257  378.36221  35.3%     -    0s
     0     0  392.38345    0   22  584.99533  392.38345  32.9%     -    0s
     0     0  394.53081    0   21  584.99533  394.53081  32.6%     -    0s
     0     0  394.54101    0   21  584.99533  394.54101  32.6%     -    0s
     0     0  394.54101    0   21  584.99533  394.54101  32.6%     -    0s
     0     0  397.60484    0   29  584.99533  397.60484  32.0%     -    0s
H    0     0                     554.7120486  397.60484  28.3%     -    0s
     0     0  401.45972    0   29  554.71205  401.45972  27.6%     -    0s
     0     0  405.75687    0   29  554.71205  405.75687  26.9%     -    0s
     0     0  407.27376    0   34  554.71205  407.27376  26.6%     -    0s
H    0     0                     534.8537177  407.27376  23.9%     -    0s
     0     0  407.28953    0   34  534.85372  407.28953  23.9%     -    0s
     0     0  407.30038    0   33  534.85372  407.30038  23.8%     -    0s
H    0     0                     533.4580149  407.30038  23.6%     -    0s
     0     0  407.30038    0   33  533.45801  407.30038  23.6%     -    0s
     0     0  407.30038    0   33  533.45801  407.30038  23.6%     -    0s
     0     0  407.30038    0   33  533.45801  407.30038  23.6%     -    0s
     0     2  407.30038    0   33  533.45801  407.30038  23.6%     -    0s
H   10    11                     523.7559890  450.37875  14.0%   5.4    0s
H   99    71                     521.3429870  452.56423  13.2%   6.1    0s
H  186   117                     497.5693952  452.60946  9.04%   5.9    0s
H  187   117                     497.1824378  452.60946  8.97%   5.8    0s

Cutting planes:
  Learned: 5
  Gomory: 5
  Cover: 1
  Implied bound: 8
  MIR: 11
  GUB cover: 1
  Inf proof: 1
  Mod-K: 1

Explored 201 nodes (1312 simplex iterations) in 0.43 seconds
Thread count was 4 (of 4 available processors)

Solution count 10: 497.182 497.569 521.343 ... 915.293

Optimal solution found (tolerance 1.00e-01)
Best objective 4.971824378041e+02, best bound 4.526094600737e+02, gap 8.9651%
Parameter MIPGap unchanged
   Value: 0.1  Min: 0.0  Max: 1e+100  Default: 0.0001
Parameter TimeLimit unchanged
   Value: 60.0  Min: 0.0  Max: 1e+100  Default: 1e+100
Optimize a model with 240 rows, 880 columns and 2520 nonzeros
Model has 1140 general constraints
Variable types: 40 continuous, 840 integer (840 binary)
Coefficient statistics:
  Matrix range     [1e+00, 1e+00]
  Objective range  [3e+00, 2e+02]
  Bounds range     [1e+00, 1e+00]
  RHS range        [1e+00, 2e+01]

MIP start did not produce a new incumbent solution
MIP start violates constraint R80 by 1.000000000

Presolve added 750 rows and 0 columns
Presolve removed 0 rows and 250 columns
Presolve time: 0.08s
Presolved: 990 rows, 630 columns, 5794 nonzeros
Variable types: 210 continuous, 420 integer (420 binary)

Root relaxation: objective 4.516618e+02, 77 iterations, 0.00 seconds

    Nodes    |    Current Node    |     Objective Bounds      |     Work
 Expl Unexpl |  Obj  Depth IntInf | Incumbent    BestBd   Gap | It/Node Time

     0     0  451.66183    0   38          -  451.66183      -     -    0s
H    0     0                    2120.5987615  451.66183  78.7%     -    0s
H    0     0                    2064.0813478  451.66183  78.1%     -    0s
H    0     0                    1133.7905232  451.66183  60.2%     -    0s
     0     0  464.19256    0   41 1133.79052  464.19256  59.1%     -    0s
H    0     0                    1050.6078283  464.19256  55.8%     -    0s
     0     0  480.41316    0   46 1050.60783  480.41316  54.3%     -    0s
     0     0  482.59887    0   46 1050.60783  482.59887  54.1%     -    0s
     0     0  483.42303    0   49 1050.60783  483.42303  54.0%     -    0s
     0     0  483.95919    0   49 1050.60783  483.95919  53.9%     -    0s
     0     0  483.95919    0   49 1050.60783  483.95919  53.9%     -    0s
     0     0  484.44408    0   50 1050.60783  484.44408  53.9%     -    0s
H    0     0                     980.8344410  484.44408  50.6%     -    0s
     0     0  484.44408    0   48  980.83444  484.44408  50.6%     -    0s
     0     0  484.60689    0   49  980.83444  484.60689  50.6%     -    0s
     0     0  484.60689    0   49  980.83444  484.60689  50.6%     -    0s
     0     0  484.85825    0   49  980.83444  484.85825  50.6%     -    0s
     0     0  485.11418    0   49  980.83444  485.11418  50.5%     -    0s
     0     0  485.11418    0   49  980.83444  485.11418  50.5%     -    0s
     0     0  486.01251    0   50  980.83444  486.01251  50.4%     -    0s
     0     0  486.01251    0   50  980.83444  486.01251  50.4%     -    0s
     0     0  486.01251    0   50  980.83444  486.01251  50.4%     -    0s
     0     0  486.01251    0   51  980.83444  486.01251  50.4%     -    0s
     0     0  486.12503    0   49  980.83444  486.12503  50.4%     -    0s
     0     0  486.12503    0   50  980.83444  486.12503  50.4%     -    0s
     0     0  486.13039    0   52  980.83444  486.13039  50.4%     -    0s
     0     0  486.13039    0   52  980.83444  486.13039  50.4%     -    0s
     0     0  486.24960    0   52  980.83444  486.24960  50.4%     -    0s
     0     0  486.24960    0   52  980.83444  486.24960  50.4%     -    0s
     0     2  486.24960    0   52  980.83444  486.24960  50.4%     -    0s
H  624   544                     947.6096123  566.08771  40.3%  16.7    1s
  2922  1703  766.19527   33   27  947.60961  601.75401  36.5%  19.9    5s
H 6461  4274                     926.6848170  620.54384  33.0%  19.0    7s
 10970  7490  893.00620   53   20  926.68482  635.94169  31.4%  18.9   10s
 21131 14813  759.13809   46   52  926.68482  656.46485  29.2%  18.5   20s
 21616 15070  901.19497   82   24  926.68482  656.46485  29.2%  18.8   25s
 25080 16541  733.29909   48   40  926.68482  656.46485  29.2%  20.1   30s
 29731 18554  745.74394   55   43  926.68482  656.46485  29.2%  20.7   35s
 34489 20459  871.37489   62   46  926.68482  656.46485  29.2%  21.0   40s
 40093 22699     cutoff   70       926.68482  665.51230  28.2%  21.3   45s
 46493 25172  823.53856   55   29  926.68482  675.89889  27.1%  21.4   50s
 52872 27457  926.30371   75   33  926.68482  683.44402  26.2%  21.5   55s
 59632 30070  717.16732   47   50  926.68482  689.79022  25.6%  21.5   60s

Cutting planes:
  Learned: 6
  Gomory: 11
  Cover: 4
  Implied bound: 27
  Projected implied bound: 1
  MIR: 24
  StrongCG: 1
  Flow cover: 60
  Zero half: 9

Explored 59990 nodes (1288589 simplex iterations) in 60.01 seconds
Thread count was 4 (of 4 available processors)

Solution count 7: 926.685 947.61 980.834 ... 2120.6

Time limit reached
Best objective 9.266848169794e+02, best bound 6.899576613795e+02, gap 25.5456%
